<?xml version="1.0" encoding="utf-8"?><testsuites name="pytest tests"><testsuite name="pytest" errors="0" failures="0" skipped="0" tests="12" time="5.710" timestamp="2026-05-09T21:13:10.695721+00:00" hostname="agent-env-65977401-f3df-4a23-8e99-c3927438abcf"><testcase classname="backend.tests.test_valuation_pillars.TestMacroPillars" name="test_pillars_status_and_shape" time="0.688" /><testcase classname="backend.tests.test_valuation_pillars.TestMacroPillars" name="test_pillars_subobjects" time="0.144" /><testcase classname="backend.tests.test_valuation_pillars.TestMacroPillars" name="test_cpi_hot_triggers_spx_caution" time="0.142" /><testcase classname="backend.tests.test_valuation_pillars.TestValuation" name="test_valuation_status_and_keys" time="2.362" /><testcase classname="backend.tests.test_valuation_pillars.TestValuation" name="test_spx_valuation_shape" time="0.105" /><testcase classname="backend.tests.test_valuation_pillars.TestValuation" name="test_gold_silver_valuation" time="0.144" /><testcase classname="backend.tests.test_valuation_pillars.TestSmokeRegression" name="test_endpoint_200[/api/dashboard/hero]" time="0.203" /><testcase classname="backend.tests.test_valuation_pillars.TestSmokeRegression" name="test_endpoint_200[/api/dashboard/ticker-bar]" time="0.328" /><testcase classname="backend.tests.test_valuation_pillars.TestSmokeRegression" name="test_endpoint_200[/api/dashboard/mag7]" time="0.555" /><testcase classname="backend.tests.test_valuation_pillars.TestSmokeRegression" name="test_endpoint_200[/api/regime]" time="0.179" /><testcase classname="backend.tests.test_valuation_pillars.TestSmokeRegression" name="test_endpoint_200[/api/gold-silver-ratio]" time="0.141" /><testcase classname="backend.tests.test_valuation_pillars.TestSmokeRegression" name="test_endpoint_200[/api/market-engine?symbols=SPX,SILVER,GOLD]" time="0.687" /></testsuite></testsuites>