<?xml version="1.0" encoding="utf-8"?><testsuites name="pytest tests"><testsuite name="pytest" errors="0" failures="0" skipped="0" tests="13" time="1.629" timestamp="2026-05-08T23:23:25.845513+00:00" hostname="agent-env-65977401-f3df-4a23-8e99-c3927438abcf"><testcase classname="backend.tests.test_phase2_journal_lab.TestJournalCRUD" name="test_create_trade_full_payload" time="0.247" /><testcase classname="backend.tests.test_phase2_journal_lab.TestJournalCRUD" name="test_list_trades_sorted_desc" time="0.063" /><testcase classname="backend.tests.test_phase2_journal_lab.TestJournalCRUD" name="test_get_trade_by_id" time="0.055" /><testcase classname="backend.tests.test_phase2_journal_lab.TestJournalCRUD" name="test_get_trade_not_found" time="0.055" /><testcase classname="backend.tests.test_phase2_journal_lab.TestJournalCRUD" name="test_patch_trade" time="0.121" /><testcase classname="backend.tests.test_phase2_journal_lab.TestJournalCRUD" name="test_create_extra_trades_for_analytics" time="0.168" /><testcase classname="backend.tests.test_phase2_journal_lab.TestAnalytics" name="test_behavior_stats" time="0.054" /><testcase classname="backend.tests.test_phase2_journal_lab.TestAnalytics" name="test_probability_engine" time="0.056" /><testcase classname="backend.tests.test_phase2_journal_lab.TestBacktest" name="test_backtest_regime_breakout_spx" time="0.359" /><testcase classname="backend.tests.test_phase2_journal_lab.TestBacktest" name="test_backtest_mean_reversion_spx" time="0.068" /><testcase classname="backend.tests.test_phase2_journal_lab.TestDeleteCleanup" name="test_delete_trade_and_verify" time="0.109" /><testcase classname="backend.tests.test_phase2_journal_lab.TestDeleteCleanup" name="test_delete_seeded_trades" time="0.167" /><testcase classname="backend.tests.test_phase2_journal_lab.TestDeleteCleanup" name="test_delete_not_found" time="0.054" /></testsuite></testsuites>