<?xml version="1.0" encoding="utf-8"?><testsuites name="pytest tests"><testsuite name="pytest" errors="0" failures="0" skipped="0" tests="15" time="4.270" timestamp="2026-05-08T21:41:08.465712+00:00" hostname="agent-env-65977401-f3df-4a23-8e99-c3927438abcf"><testcase classname="tests.test_rtl_api.TestRoot" name="test_root" time="0.135" /><testcase classname="tests.test_rtl_api.TestDashboard" name="test_hero" time="0.265" /><testcase classname="tests.test_rtl_api.TestDashboard" name="test_ticker_bar" time="0.494" /><testcase classname="tests.test_rtl_api.TestDashboard" name="test_mag7" time="0.628" /><testcase classname="tests.test_rtl_api.TestDashboard" name="test_watchlist" time="0.696" /><testcase classname="tests.test_rtl_api.TestQuotes" name="test_quote_aapl" time="0.055" /><testcase classname="tests.test_rtl_api.TestQuotes" name="test_quotes_multi" time="0.050" /><testcase classname="tests.test_rtl_api.TestIndicators" name="test_indicators_spx" time="0.118" /><testcase classname="tests.test_rtl_api.TestRegime" name="test_regime" time="0.311" /><testcase classname="tests.test_rtl_api.TestCalendar" name="test_calendar" time="0.048" /><testcase classname="tests.test_rtl_api.TestLondonSession" name="test_london" time="0.046" /><testcase classname="tests.test_rtl_api.TestMacro" name="test_macro_panel" time="0.835" /><testcase classname="tests.test_rtl_api.TestMacro" name="test_macro_single" time="0.050" /><testcase classname="tests.test_rtl_api.TestNews" name="test_news_institutional" time="0.441" /><testcase classname="tests.test_rtl_api.TestSymbols" name="test_symbols" time="0.049" /></testsuite></testsuites>